d:\senior_fall\dip\10\final project\steganographyproject\debug\vc142.pdb
d:\senior_fall\dip\10\final project\steganographyproject\debug\moc_steganographyproject.obj
d:\senior_fall\dip\10\final project\steganographyproject\debug\cvimage.obj
d:\senior_fall\dip\10\final project\steganographyproject\debug\main.obj
d:\senior_fall\dip\10\final project\steganographyproject\debug\steganographyproject.obj
d:\senior_fall\dip\10\final project\steganographyproject\debug\text.obj
d:\senior_fall\dip\10\final project\steganographyproject\debug\moc_predefs.h
d:\senior_fall\dip\10\final project\steganographyproject\debug\steganographyproject.exe
d:\senior_fall\dip\10\final project\steganographyproject\debug\steganographyproject.ilk
d:\senior_fall\dip\10\final project\steganographyproject\debug\steganographyproject.pdb
d:\senior_fall\dip\10\final project\steganographyproject\debug\moc_steganographyproject.cpp
d:\senior_fall\dip\10\final project\steganographyproject\ui_steganographyproject.h
d:\senior_fall\dip\10\final project\steganographyproject\debug\steganog.9e3e79c1.tlog\cl.command.1.tlog
d:\senior_fall\dip\10\final project\steganographyproject\debug\steganog.9e3e79c1.tlog\cl.read.1.tlog
d:\senior_fall\dip\10\final project\steganographyproject\debug\steganog.9e3e79c1.tlog\cl.write.1.tlog
d:\senior_fall\dip\10\final project\steganographyproject\debug\steganog.9e3e79c1.tlog\custombuild.command.1.tlog
d:\senior_fall\dip\10\final project\steganographyproject\debug\steganog.9e3e79c1.tlog\custombuild.read.1.tlog
d:\senior_fall\dip\10\final project\steganographyproject\debug\steganog.9e3e79c1.tlog\custombuild.write.1.tlog
d:\senior_fall\dip\10\final project\steganographyproject\debug\steganog.9e3e79c1.tlog\link.command.1.tlog
d:\senior_fall\dip\10\final project\steganographyproject\debug\steganog.9e3e79c1.tlog\link.read.1.tlog
d:\senior_fall\dip\10\final project\steganographyproject\debug\steganog.9e3e79c1.tlog\link.write.1.tlog
d:\senior_fall\dip\10\final project\steganographyproject\debug\steganog.9e3e79c1.tlog\moc.read.1u.tlog
d:\senior_fall\dip\10\final project\steganographyproject\debug\steganog.9e3e79c1.tlog\moc.write.1u.tlog
d:\senior_fall\dip\10\final project\steganographyproject\debug\steganog.9e3e79c1.tlog\steganographyproject.write.1u.tlog
d:\senior_fall\dip\10\final project\steganographyproject\debug\steganog.9e3e79c1.tlog\uic.read.1u.tlog
d:\senior_fall\dip\10\final project\steganographyproject\debug\steganog.9e3e79c1.tlog\uic.write.1u.tlog
